<?xml version="1.0" encoding="UTF-8"?>
<!-- Generated by org.testng.reporters.JUnitXMLReporter -->
<testsuite ignored="0" hostname="DESKTOP-MC7UQM0" failures="0" tests="7" name="Default test" time="13.543" errors="0" timestamp="2022-02-24T21:51:22 IST">
  <testcase classname="com.org.ss.virujh.PatientLogintest" name="login" time="2.446"/>
  <testcase classname="com.org.ss.virujh.PatientLogintest" name="signinwithoutdata" time="0.098"/>
  <testcase classname="com.org.ss.virujh.PatientLogintest" name="signinwithoutpasswrd" time="0.308"/>
  <testcase classname="com.org.ss.virujh.PatientLogintest" name="signinwithoutphonenumber" time="0.288"/>
  <testcase classname="com.org.ss.virujh.PatientLogintest" name="signinInvalidpasswrd" time="0.505"/>
  <testcase classname="com.org.ss.virujh.PatientLogintest" name="siginInvalidphonenumber" time="0.343"/>
  <testcase classname="com.org.ss.virujh.PatientLogintest" name="signIn" time="0.374"/>
</testsuite> <!-- Default test -->
