<?xml version="1.0" encoding="UTF-8"?>
<!-- Generated by org.testng.reporters.JUnitXMLReporter -->
<testsuite ignored="0" hostname="DESKTOP-MC7UQM0" failures="0" tests="7" name="Default test" time="17.655" errors="0" timestamp="2021-12-02T18:39:01 IST">
  <testcase classname="com.org.ss.virujh.DoctorLoginfntest" name="login" time="3.684"/>
  <testcase classname="com.org.ss.virujh.DoctorLoginfntest" name="signinwithoutdata" time="0.094"/>
  <testcase classname="com.org.ss.virujh.DoctorLoginfntest" name="signinwithoutpasswrd" time="3.183"/>
  <testcase classname="com.org.ss.virujh.DoctorLoginfntest" name="signinwithoutmail" time="0.245"/>
  <testcase classname="com.org.ss.virujh.DoctorLoginfntest" name="signinInvalidpasswrd" time="0.439"/>
  <testcase classname="com.org.ss.virujh.DoctorLoginfntest" name="siginInvalidmail" time="0.39"/>
  <testcase classname="com.org.ss.virujh.DoctorLoginfntest" name="signIn" time="2.383"/>
</testsuite> <!-- Default test -->
