<?xml version="1.0" encoding="UTF-8"?>
<!-- Generated by org.testng.reporters.JUnitXMLReporter -->
<testsuite ignored="5" hostname="DESKTOP-MC7UQM0" failures="0" tests="2" name="DoctorSignup" time="18.417" errors="0" timestamp="2021-12-02T18:38:02 IST">
  <testcase classname="com.org.ss.virujh.DoctorLoginfntest" name="login" time="6.293"/>
  <testcase classname="com.org.ss.virujh.DoctorLoginfntest" name="signIn" time="2.31"/>
  <testcase classname="com.org.ss.virujh.DoctorLoginfntest" name="signinwithoutmail" time="0.0">
    <ignored/>
  </testcase> <!-- signinwithoutmail -->
  <testcase classname="com.org.ss.virujh.DoctorLoginfntest" name="signinwithoutdata" time="0.0">
    <ignored/>
  </testcase> <!-- signinwithoutdata -->
  <testcase classname="com.org.ss.virujh.DoctorLoginfntest" name="siginInvalidmail" time="0.0">
    <ignored/>
  </testcase> <!-- siginInvalidmail -->
  <testcase classname="com.org.ss.virujh.DoctorLoginfntest" name="signinInvalidpasswrd" time="0.0">
    <ignored/>
  </testcase> <!-- signinInvalidpasswrd -->
  <testcase classname="com.org.ss.virujh.DoctorLoginfntest" name="signinwithoutpasswrd" time="0.0">
    <ignored/>
  </testcase> <!-- signinwithoutpasswrd -->
</testsuite> <!-- DoctorSignup -->
