<?xml version="1.0" encoding="UTF-8"?>
<!-- Generated by org.testng.reporters.JUnitXMLReporter -->
<testsuite ignored="2" hostname="DESKTOP-MC7UQM0" failures="0" tests="1" name="LoginPageTest" time="8.841" errors="0" timestamp="2021-12-04T23:26:53 IST">
  <testcase classname="com.org.ss.virujh.Loginpagetest" name="AppStore" time="5.326"/>
  <testcase classname="com.org.ss.virujh.Loginpagetest" name="Playstore" time="0.0">
    <ignored/>
  </testcase> <!-- Playstore -->
  <testcase classname="com.org.ss.virujh.Loginpagetest" name="linktest" time="0.0">
    <ignored/>
  </testcase> <!-- linktest -->
</testsuite> <!-- LoginPageTest -->
