<?xml version="1.0" encoding="UTF-8"?>
<!-- Generated by org.testng.reporters.JUnitXMLReporter -->
<testsuite ignored="1" hostname="DESKTOP-MC7UQM0" failures="0" tests="6" name="DoctorSignup" time="12.279" errors="0" timestamp="2021-12-06T18:55:00 IST">
  <testcase classname="com.org.ss.virujh.DoctorLoginfntest" name="login" time="3.423"/>
  <testcase classname="com.org.ss.virujh.DoctorLoginfntest" name="signinwithoutdata" time="0.086"/>
  <testcase classname="com.org.ss.virujh.DoctorLoginfntest" name="signinwithoutpasswrd" time="3.181"/>
  <testcase classname="com.org.ss.virujh.DoctorLoginfntest" name="signinwithoutmail" time="0.236"/>
  <testcase classname="com.org.ss.virujh.DoctorLoginfntest" name="signinInvalidpasswrd" time="0.579"/>
  <testcase classname="com.org.ss.virujh.DoctorLoginfntest" name="siginInvalidmail" time="0.348"/>
  <testcase classname="com.org.ss.virujh.DoctorLoginfntest" name="signIn" time="0.0">
    <ignored/>
  </testcase> <!-- signIn -->
</testsuite> <!-- DoctorSignup -->
